mode: set
job4j.ru/go-lang-base/internal/base/calcalator.go:3.33,5.2 1 1
job4j.ru/go-lang-base/internal/base/lru_cache.go:16.38,17.14 1 1
job4j.ru/go-lang-base/internal/base/lru_cache.go:17.14,18.41 1 1
job4j.ru/go-lang-base/internal/base/lru_cache.go:21.2,23.3 1 1
job4j.ru/go-lang-base/internal/base/lru_cache.go:26.34,28.2 1 1
job4j.ru/go-lang-base/internal/base/lru_cache.go:30.55,31.17 1 1
job4j.ru/go-lang-base/internal/base/lru_cache.go:31.17,33.3 1 1
job4j.ru/go-lang-base/internal/base/lru_cache.go:35.2,36.17 2 1
job4j.ru/go-lang-base/internal/base/lru_cache.go:36.17,40.3 3 1
job4j.ru/go-lang-base/internal/base/lru_cache.go:42.2,44.23 2 1
job4j.ru/go-lang-base/internal/base/lru_cache.go:44.23,46.3 1 1
job4j.ru/go-lang-base/internal/base/lru_cache.go:48.2,49.13 2 1
job4j.ru/go-lang-base/internal/base/lru_cache.go:52.44,55.17 2 1
job4j.ru/go-lang-base/internal/base/lru_cache.go:55.17,57.3 1 1
job4j.ru/go-lang-base/internal/base/lru_cache.go:59.2,61.20 2 1
job4j.ru/go-lang-base/internal/base/lru_cache.go:65.43,66.20 1 1
job4j.ru/go-lang-base/internal/base/lru_cache.go:66.20,68.3 1 1
job4j.ru/go-lang-base/internal/base/lru_cache.go:70.2,71.20 2 1
job4j.ru/go-lang-base/internal/base/lru_cache.go:74.46,78.19 3 1
job4j.ru/go-lang-base/internal/base/lru_cache.go:78.19,80.3 1 1
job4j.ru/go-lang-base/internal/base/lru_cache.go:82.2,84.19 2 1
job4j.ru/go-lang-base/internal/base/lru_cache.go:84.19,86.3 1 1
job4j.ru/go-lang-base/internal/base/lru_cache.go:89.39,93.17 3 1
job4j.ru/go-lang-base/internal/base/lru_cache.go:93.17,95.3 1 1
job4j.ru/go-lang-base/internal/base/lru_cache.go:97.2,97.17 1 1
job4j.ru/go-lang-base/internal/base/lru_cache.go:97.17,99.3 1 1
job4j.ru/go-lang-base/internal/base/lru_cache.go:101.2,101.17 1 1
job4j.ru/go-lang-base/internal/base/lru_cache.go:101.17,103.3 1 1
job4j.ru/go-lang-base/internal/base/lru_cache.go:105.2,105.17 1 1
job4j.ru/go-lang-base/internal/base/lru_cache.go:105.17,107.3 1 0
job4j.ru/go-lang-base/internal/base/lru_cache.go:110.33,111.19 1 1
job4j.ru/go-lang-base/internal/base/lru_cache.go:111.19,113.3 1 1
job4j.ru/go-lang-base/internal/base/lru_cache.go:116.43,119.25 2 1
job4j.ru/go-lang-base/internal/base/lru_cache.go:119.25,120.29 1 1
job4j.ru/go-lang-base/internal/base/lru_cache.go:120.29,122.4 1 1
job4j.ru/go-lang-base/internal/base/lru_cache.go:123.3,123.33 1 1
job4j.ru/go-lang-base/internal/base/lru_cache.go:126.2,126.12 1 1
job4j.ru/go-lang-base/internal/base/lru_cache.go:129.30,132.21 3 1
job4j.ru/go-lang-base/internal/base/lru_cache.go:132.21,135.3 2 1
job4j.ru/go-lang-base/internal/base/lru_cache.go:136.2,136.14 1 1
job4j.ru/go-lang-base/internal/base/mono.go:3.28,6.19 2 1
job4j.ru/go-lang-base/internal/base/mono.go:6.19,8.3 1 1
job4j.ru/go-lang-base/internal/base/mono.go:10.2,12.35 2 1
job4j.ru/go-lang-base/internal/base/mono.go:12.35,15.3 2 1
job4j.ru/go-lang-base/internal/base/mono.go:17.2,17.37 1 1
job4j.ru/go-lang-base/internal/base/tracker.go:12.28,14.2 1 1
job4j.ru/go-lang-base/internal/base/tracker.go:16.38,18.2 1 1
job4j.ru/go-lang-base/internal/base/tracker.go:20.37,24.2 3 1
job4j.ru/go-lang-base/internal/base/validate.go:17.46,20.16 2 1
job4j.ru/go-lang-base/internal/base/validate.go:20.16,22.3 1 1
job4j.ru/go-lang-base/internal/base/validate.go:24.2,24.44 1 1
job4j.ru/go-lang-base/internal/base/validate.go:24.44,26.3 1 1
job4j.ru/go-lang-base/internal/base/validate.go:28.2,28.43 1 1
job4j.ru/go-lang-base/internal/base/validate.go:28.43,30.3 1 1
job4j.ru/go-lang-base/internal/base/validate.go:32.2,32.49 1 1
job4j.ru/go-lang-base/internal/base/validate.go:32.49,34.3 1 1
job4j.ru/go-lang-base/internal/base/validate.go:36.2,36.12 1 1
job4j.ru/go-lang-base/cmd/main.go:5.13,7.2 1 0
